C:\Program Files (x86)\Microsoft Visual Studio\2019\Community\MSBuild\Microsoft\VC\v160\Microsoft.CppBuild.targets(499,5): warning MSB8004: Output Directory does not end with a trailing slash.  This build instance will add the slash as it is required to allow proper evaluation of the Output Directory.
  main.cpp
  Ahrs.cpp
  ChannelData.cpp
  DGpsData.cpp
  CommChannel.cpp
  FastRS.cpp
  FlashProgrammer.cpp
  Rs485HMR.cpp
  StorageNIOSFlash.cpp
  StorageNIOSRam.cpp
  StorageSD.cpp
  UartCAM.cpp
  UartNIOS.cpp
  Rs485ADNios.cpp
  Rs485ADNiosHandlerWrapper.cpp
  OSNativeW32.cpp
  OSUcosII.cpp
  ConsoleADWin.cpp
  ConsoleW32.cpp
  NiosDummyDecl.cpp
  Generating Code...
  Compiling...
  StorageW32.cpp
  UartW32.cpp
  UdpW32.cpp
  Camera.cpp
  CameraManager.cpp
  ClassifiedLine.cpp
  Base64.cpp
  BufferBase.cpp
  Crc.cpp
  FlightController.cpp
  FlightPlan.cpp
  FlightPlanRealizer.cpp
  FlightTimeEstimator.cpp
  File.cpp
  FParser.cpp
  FPlanConf.cpp
  FPlanContainer.cpp
  FPlanData.cpp
  FPRealCondition.cpp
  FPRealData.cpp
  Generating Code...
  Compiling...
  FPRealTrigger.cpp
  Gauge.cpp
  GlobVars.cpp
  GpsData.cpp
  GpsPosition.cpp
  Iir.cpp
  IRQ.cpp
  LineDispatcher.cpp
  LogManager.cpp
  ODTObserver.cpp
  ODTSubject.cpp
  Hmr2300.cpp
  L1_Control.cpp
  Matrix3.cpp
  ParameterNames.cpp
  PhysicalState.cpp
  Pid.cpp
  PidModifierAlr.cpp
  PidModifierPhi.cpp
  PidModifierTheta.cpp
  Generating Code...
  Compiling...
  PlatformLayer.cpp
  PStateData.cpp
  PidModifierThrottle.cpp
  quaternion.cpp
  Semaphore.cpp
  SerialDeviceBase.cpp
  ServoManager.cpp
  StorageBase.cpp
  StorageFactory.cpp
  SysMonData.cpp
  SystemLog.cpp
  SystemMonitor.cpp
  TECS.cpp
  TypeParser.cpp
  Ublox.cpp
  WindResolver.cpp
  Vector3.cpp
  Generating Code...
  os_core.c
  os_cpu_c.c
  os_dbg_r.c
  os_flag.c
  os_mbox.c
  os_mem.c
  os_mutex.c
  os_q.c
  os_sem.c
  os_task.c
  os_time.c
  os_tmr.c
  Generating Code...
  pc.c
  Pilot.vcxproj -> C:\chungnt28\[1] Tools\soft-v2\Autopilot_2X\Release\Pilot.exe
