c:\users\admin\desktop\soft-v2\autopilot_2x\pilot\release\niosdummydecl.obj
c:\users\admin\desktop\soft-v2\autopilot_2x\pilot\release\consolew32.obj
c:\users\admin\desktop\soft-v2\autopilot_2x\pilot\release\consoleadwin.obj
c:\users\admin\desktop\soft-v2\autopilot_2x\pilot\release\osucosii.obj
c:\users\admin\desktop\soft-v2\autopilot_2x\pilot\release\osnativew32.obj
c:\users\admin\desktop\soft-v2\autopilot_2x\pilot\release\rs485adnioshandlerwrapper.obj
c:\users\admin\desktop\soft-v2\autopilot_2x\pilot\release\rs485adnios.obj
c:\users\admin\desktop\soft-v2\autopilot_2x\pilot\release\uartnios.obj
c:\users\admin\desktop\soft-v2\autopilot_2x\pilot\release\uartcam.obj
c:\users\admin\desktop\soft-v2\autopilot_2x\pilot\release\storagesd.obj
c:\users\admin\desktop\soft-v2\autopilot_2x\pilot\release\storageniosram.obj
c:\users\admin\desktop\soft-v2\autopilot_2x\pilot\release\storageniosflash.obj
c:\users\admin\desktop\soft-v2\autopilot_2x\pilot\release\rs485hmr.obj
c:\users\admin\desktop\soft-v2\autopilot_2x\pilot\release\flashprogrammer.obj
c:\users\admin\desktop\soft-v2\autopilot_2x\pilot\release\fastrs.obj
c:\users\admin\desktop\soft-v2\autopilot_2x\pilot\release\commchannel.obj
c:\users\admin\desktop\soft-v2\autopilot_2x\pilot\release\dgpsdata.obj
c:\users\admin\desktop\soft-v2\autopilot_2x\pilot\release\channeldata.obj
c:\users\admin\desktop\soft-v2\autopilot_2x\pilot\release\ahrs.obj
c:\users\admin\desktop\soft-v2\autopilot_2x\pilot\release\main.obj
c:\users\admin\desktop\soft-v2\autopilot_2x\pilot\release\fprealdata.obj
c:\users\admin\desktop\soft-v2\autopilot_2x\pilot\release\fprealcondition.obj
c:\users\admin\desktop\soft-v2\autopilot_2x\pilot\release\fplandata.obj
c:\users\admin\desktop\soft-v2\autopilot_2x\pilot\release\fplancontainer.obj
c:\users\admin\desktop\soft-v2\autopilot_2x\pilot\release\fplanconf.obj
c:\users\admin\desktop\soft-v2\autopilot_2x\pilot\release\fparser.obj
c:\users\admin\desktop\soft-v2\autopilot_2x\pilot\release\file.obj
c:\users\admin\desktop\soft-v2\autopilot_2x\pilot\release\flighttimeestimator.obj
c:\users\admin\desktop\soft-v2\autopilot_2x\pilot\release\flightplanrealizer.obj
c:\users\admin\desktop\soft-v2\autopilot_2x\pilot\release\flightplan.obj
c:\users\admin\desktop\soft-v2\autopilot_2x\pilot\release\flightcontroller.obj
c:\users\admin\desktop\soft-v2\autopilot_2x\pilot\release\crc.obj
c:\users\admin\desktop\soft-v2\autopilot_2x\pilot\release\bufferbase.obj
c:\users\admin\desktop\soft-v2\autopilot_2x\pilot\release\base64.obj
c:\users\admin\desktop\soft-v2\autopilot_2x\pilot\release\classifiedline.obj
c:\users\admin\desktop\soft-v2\autopilot_2x\pilot\release\cameramanager.obj
c:\users\admin\desktop\soft-v2\autopilot_2x\pilot\release\camera.obj
c:\users\admin\desktop\soft-v2\autopilot_2x\pilot\release\udpw32.obj
c:\users\admin\desktop\soft-v2\autopilot_2x\pilot\release\uartw32.obj
c:\users\admin\desktop\soft-v2\autopilot_2x\pilot\release\storagew32.obj
c:\users\admin\desktop\soft-v2\autopilot_2x\pilot\release\pidmodifiertheta.obj
c:\users\admin\desktop\soft-v2\autopilot_2x\pilot\release\pidmodifierphi.obj
c:\users\admin\desktop\soft-v2\autopilot_2x\pilot\release\pidmodifieralr.obj
c:\users\admin\desktop\soft-v2\autopilot_2x\pilot\release\pid.obj
c:\users\admin\desktop\soft-v2\autopilot_2x\pilot\release\physicalstate.obj
c:\users\admin\desktop\soft-v2\autopilot_2x\pilot\release\parameternames.obj
c:\users\admin\desktop\soft-v2\autopilot_2x\pilot\release\matrix3.obj
c:\users\admin\desktop\soft-v2\autopilot_2x\pilot\release\l1_control.obj
c:\users\admin\desktop\soft-v2\autopilot_2x\pilot\release\hmr2300.obj
c:\users\admin\desktop\soft-v2\autopilot_2x\pilot\release\odtsubject.obj
c:\users\admin\desktop\soft-v2\autopilot_2x\pilot\release\odtobserver.obj
c:\users\admin\desktop\soft-v2\autopilot_2x\pilot\release\logmanager.obj
c:\users\admin\desktop\soft-v2\autopilot_2x\pilot\release\linedispatcher.obj
c:\users\admin\desktop\soft-v2\autopilot_2x\pilot\release\irq.obj
c:\users\admin\desktop\soft-v2\autopilot_2x\pilot\release\iir.obj
c:\users\admin\desktop\soft-v2\autopilot_2x\pilot\release\gpsposition.obj
c:\users\admin\desktop\soft-v2\autopilot_2x\pilot\release\gpsdata.obj
c:\users\admin\desktop\soft-v2\autopilot_2x\pilot\release\globvars.obj
c:\users\admin\desktop\soft-v2\autopilot_2x\pilot\release\gauge.obj
c:\users\admin\desktop\soft-v2\autopilot_2x\pilot\release\fprealtrigger.obj
c:\users\admin\desktop\soft-v2\autopilot_2x\pilot\release\vector3.obj
c:\users\admin\desktop\soft-v2\autopilot_2x\pilot\release\windresolver.obj
c:\users\admin\desktop\soft-v2\autopilot_2x\pilot\release\ublox.obj
c:\users\admin\desktop\soft-v2\autopilot_2x\pilot\release\typeparser.obj
c:\users\admin\desktop\soft-v2\autopilot_2x\pilot\release\tecs.obj
c:\users\admin\desktop\soft-v2\autopilot_2x\pilot\release\systemmonitor.obj
c:\users\admin\desktop\soft-v2\autopilot_2x\pilot\release\systemlog.obj
c:\users\admin\desktop\soft-v2\autopilot_2x\pilot\release\sysmondata.obj
c:\users\admin\desktop\soft-v2\autopilot_2x\pilot\release\storagefactory.obj
c:\users\admin\desktop\soft-v2\autopilot_2x\pilot\release\storagebase.obj
c:\users\admin\desktop\soft-v2\autopilot_2x\pilot\release\servomanager.obj
c:\users\admin\desktop\soft-v2\autopilot_2x\pilot\release\serialdevicebase.obj
c:\users\admin\desktop\soft-v2\autopilot_2x\pilot\release\semaphore.obj
c:\users\admin\desktop\soft-v2\autopilot_2x\pilot\release\quaternion.obj
c:\users\admin\desktop\soft-v2\autopilot_2x\pilot\release\pidmodifierthrottle.obj
c:\users\admin\desktop\soft-v2\autopilot_2x\pilot\release\pstatedata.obj
c:\users\admin\desktop\soft-v2\autopilot_2x\pilot\release\platformlayer.obj
c:\users\admin\desktop\soft-v2\autopilot_2x\pilot\release\os_tmr.obj
c:\users\admin\desktop\soft-v2\autopilot_2x\pilot\release\os_time.obj
c:\users\admin\desktop\soft-v2\autopilot_2x\pilot\release\os_task.obj
c:\users\admin\desktop\soft-v2\autopilot_2x\pilot\release\os_sem.obj
c:\users\admin\desktop\soft-v2\autopilot_2x\pilot\release\os_q.obj
c:\users\admin\desktop\soft-v2\autopilot_2x\pilot\release\os_mutex.obj
c:\users\admin\desktop\soft-v2\autopilot_2x\pilot\release\os_mem.obj
c:\users\admin\desktop\soft-v2\autopilot_2x\pilot\release\os_mbox.obj
c:\users\admin\desktop\soft-v2\autopilot_2x\pilot\release\os_flag.obj
c:\users\admin\desktop\soft-v2\autopilot_2x\pilot\release\os_dbg_r.obj
c:\users\admin\desktop\soft-v2\autopilot_2x\pilot\release\os_cpu_c.obj
c:\users\admin\desktop\soft-v2\autopilot_2x\pilot\release\os_core.obj
c:\users\admin\desktop\soft-v2\autopilot_2x\pilot\release\pc.obj
c:\users\admin\desktop\soft-v2\autopilot_2x\release\pilot.exe
c:\users\admin\desktop\soft-v2\autopilot_2x\pilot\release\pilot.res
c:\users\admin\desktop\soft-v2\autopilot_2x\pilot\release\pilot.tlog\cl.command.1.tlog
c:\users\admin\desktop\soft-v2\autopilot_2x\pilot\release\pilot.tlog\cl.read.1.tlog
c:\users\admin\desktop\soft-v2\autopilot_2x\pilot\release\pilot.tlog\cl.write.1.tlog
c:\users\admin\desktop\soft-v2\autopilot_2x\pilot\release\pilot.tlog\link.command.1.tlog
c:\users\admin\desktop\soft-v2\autopilot_2x\pilot\release\pilot.tlog\link.read.1.tlog
c:\users\admin\desktop\soft-v2\autopilot_2x\pilot\release\pilot.tlog\link.write.1.tlog
c:\users\admin\desktop\soft-v2\autopilot_2x\pilot\release\pilot.tlog\rc.command.1.tlog
c:\users\admin\desktop\soft-v2\autopilot_2x\pilot\release\pilot.tlog\rc.read.1.tlog
c:\users\admin\desktop\soft-v2\autopilot_2x\pilot\release\pilot.tlog\rc.write.1.tlog
